[runner]2022/04/23 - 21:19:36.272	[31merror[0m	/Users/wangshubo/workplace/simple-runner/global/etcd.go:74	 kv.Get err 	{"error": "len(ret.Kvs) == 0"}
[runner]2022/04/23 - 21:19:36.280	[31merror[0m	/Users/wangshubo/workplace/simple-runner/global/etcd.go:74	 kv.Get err 	{"error": "len(ret.Kvs) == 0"}
[runner]2022/04/23 - 21:19:43.696	[34minfo[0m	/Users/wangshubo/workplace/simple-runner/global/etcd.go:34	[Add Task into queue] 	{"key": "/runner/task_path/41ab30ea-8cec-4553-a27d-41e6c579833a", "value": "{\"id\":\"41ab30ea-8cec-4553-a27d-41e6c579833a\",\"cmd\":\"go version\",\"env_map\":{},\"name\":\"test12\",\"type\":\"shell\"}"}
[runner]2022/04/23 - 21:22:18.653	[34minfo[0m	/Users/wangshubo/workplace/simple-runner/global/etcd.go:34	[Add Task into queue] 	{"key": "/runner/task_path/3959a9f8-faa1-4861-a695-b9f153b5ca7f", "value": "{\"id\":\"3959a9f8-faa1-4861-a695-b9f153b5ca7f\",\"cmd\":\"go version\",\"env_map\":{},\"name\":\"test12\",\"type\":\"shell\"}"}
[runner]2022/04/23 - 21:22:22.209	[31merror[0m	/Users/wangshubo/workplace/simple-runner/global/etcd.go:74	 kv.Get err 	{"error": "len(ret.Kvs) == 0"}
[runner]2022/04/23 - 21:22:22.215	[31merror[0m	/Users/wangshubo/workplace/simple-runner/global/etcd.go:74	 kv.Get err 	{"error": "len(ret.Kvs) == 0"}
[runner]2022/04/23 - 21:23:52.248	[34minfo[0m	/Users/wangshubo/workplace/simple-runner/global/etcd.go:34	[Add Task into queue] 	{"key": "/runner/task_path/a42fb315-c0dd-488b-a9d0-a2ea256b4cbc", "value": "{\"id\":\"a42fb315-c0dd-488b-a9d0-a2ea256b4cbc\",\"cmd\":\"go version\",\"env_map\":{},\"name\":\"test12\",\"type\":\"shell\"}"}
[runner]2022/04/23 - 21:23:57.816	[31merror[0m	/Users/wangshubo/workplace/simple-runner/global/etcd.go:74	/runner/task_path :kv.Get err 	{"error": "/runner/task_path :len(ret.Kvs) == 0"}
[runner]2022/04/23 - 21:23:57.824	[31merror[0m	/Users/wangshubo/workplace/simple-runner/global/etcd.go:74	/runner/history_task_path :kv.Get err 	{"error": "/runner/history_task_path :len(ret.Kvs) == 0"}
[runner]2022/04/23 - 21:25:13.605	[31merror[0m	/Users/wangshubo/workplace/simple-runner/global/etcd.go:74	/runner/task_path :kv.Get err 	{"error": "/runner/task_path :len(ret.Kvs) == 0"}
[runner]2022/04/23 - 21:25:13.611	[31merror[0m	/Users/wangshubo/workplace/simple-runner/global/etcd.go:74	/runner/history_task_path :kv.Get err 	{"error": "/runner/history_task_path :len(ret.Kvs) == 0"}
[runner]2022/04/23 - 21:27:34.708	[34minfo[0m	/Users/wangshubo/workplace/simple-runner/global/etcd.go:34	[Add Task into queue] 	{"key": "/runner/task_path/90c3e7ca-812c-47bb-86aa-7ae8edd981c5", "value": "{\"id\":\"90c3e7ca-812c-47bb-86aa-7ae8edd981c5\",\"cmd\":\"go version\",\"env_map\":{},\"name\":\"test12\",\"type\":\"shell\"}"}
[runner]2022/04/23 - 21:33:59.213	[31merror[0m	/Users/wangshubo/workplace/simple-runner/global/etcd.go:74	/runner/history_task_path :kv.Get err 	{"error": "/runner/history_task_path:len(ret.Kvs) == 0"}
[runner]2022/04/23 - 21:39:33.703	[31merror[0m	/Users/wangshubo/workplace/simple-runner/global/etcd.go:74	/runner/history_task_path :kv.Get err 	{"error": "/runner/history_task_path:len(ret.Kvs) == 0"}
[runner]2022/04/23 - 21:40:40.159	[31merror[0m	/Users/wangshubo/workplace/simple-runner/global/etcd.go:74	/runner/history_task_path :kv.Get err 	{"error": "/runner/history_task_path:len(ret.Kvs) == 0"}
[runner]2022/04/23 - 21:41:23.125	[31merror[0m	/Users/wangshubo/workplace/simple-runner/global/etcd.go:74	/runner/history_task_path :kv.Get err 	{"error": "/runner/history_task_path:len(ret.Kvs) == 0"}
[runner]2022/04/23 - 21:46:19.889	[31merror[0m	/Users/wangshubo/workplace/simple-runner/global/etcd.go:74	/runner/history_task_path :kv.Get err 	{"error": "/runner/history_task_path:len(ret.Kvs) == 0"}
[runner]2022/04/23 - 21:51:45.285	[31merror[0m	/Users/wangshubo/workplace/simple-runner/global/etcd.go:74	/runner/history_task_path :kv.Get err 	{"error": "/runner/history_task_path:len(ret.Kvs) == 0"}
[runner]2022/04/23 - 21:53:57.935	[31merror[0m	/Users/wangshubo/workplace/simple-runner/global/etcd.go:74	/runner/history_task_path :kv.Get err 	{"error": "/runner/history_task_path:len(ret.Kvs) == 0"}
[runner]2022/04/23 - 21:58:34.456	[31merror[0m	/Users/wangshubo/workplace/simple-runner/global/etcd.go:74	/runner/history_task_path :kv.Get err 	{"error": "/runner/history_task_path:len(ret.Kvs) == 0"}
[runner]2022/04/23 - 22:02:54.995	[31merror[0m	/Users/wangshubo/workplace/simple-runner/global/etcd.go:74	/runner/history_task_path :kv.Get err 	{"error": "/runner/history_task_path:len(ret.Kvs) == 0"}
